Arguments: 
  C:\Program Files\nodejs\node.exe C:\Users\vicente.noriega\AppData\Roaming\npm\node_modules\yarn\bin\yarn.js add babel-present-react --save

PATH: 
  C:\Users\vicente.noriega\AppData\Roaming\npm;C:\Program Files\nodejs\;C:\Program Files\Docker\Docker\Resources\bin;C:\Program Files (x86)\Common Files\Oracle\Java\javapath;C:\Program Files\Java\jdk1.8.0_171\bin;C:\WINDOWS\system32;C:\WINDOWS;C:\WINDOWS\System32\Wbem;C:\WINDOWS\System32\WindowsPowerShell\v1.0\;C:\Program Files\TortoiseSVN\bin;C:\Numerical Innovations\DFM Now V7\bin;C:\Program Files (x86)\SAP\SAP Business One DI API\JCO\LIB\;C:\Program Files (x86)\SAP\SAP Business One\;C:\HashiCorp\Vagrant\bin;C:\Program Files\Git\cmd;C:\Program Files (x86)\MySQL\MySQL Utilities 1.6\;C:\Program Files\Apache\maven\bin;C:\Program Files\nodejs\;C:\Users\vicente.noriega\AppData\Local\Microsoft\WindowsApps;C:\Users\vicente.noriega\AppData\Roaming\npm

Yarn version: 
  1.7.0

Node version: 
  8.11.3

Platform: 
  win32 x64

Trace: 
  Error: https://registry.yarnpkg.com/babel-present-react: Not found
      at Request.params.callback [as _callback] (C:\Users\vicente.noriega\AppData\Roaming\npm\node_modules\yarn\lib\cli.js:65656:18)
      at Request.self.callback (C:\Users\vicente.noriega\AppData\Roaming\npm\node_modules\yarn\lib\cli.js:134675:22)
      at emitTwo (events.js:126:13)
      at Request.emit (events.js:214:7)
      at Request.<anonymous> (C:\Users\vicente.noriega\AppData\Roaming\npm\node_modules\yarn\lib\cli.js:135658:10)
      at emitOne (events.js:116:13)
      at Request.emit (events.js:211:7)
      at IncomingMessage.<anonymous> (C:\Users\vicente.noriega\AppData\Roaming\npm\node_modules\yarn\lib\cli.js:135578:12)
      at Object.onceWrapper (events.js:313:30)
      at emitNone (events.js:111:20)

npm manifest: 
  {
    "name": "indecision-app",
    "version": "1.0.0",
    "main": "index.js",
    "repository": "https://github.com/Chentul/indecision-app.git",
    "author": "Vicente Noriega",
    "license": "MIT"
  }

yarn manifest: 
  No manifest

Lockfile: 
  No lockfile
